<?xml version="1.0" encoding="UTF-8"?>
<testng-results ignored="0" total="1" passed="0" failed="1" skipped="0">
  <reporter-output>
  </reporter-output>
  <suite started-at="2023-03-15T11:28:20 COT" name="Regression" finished-at="2023-03-15T11:28:27 COT" duration-ms="7119">
    <groups>
      <group name="cucumber">
        <method signature="AbstractTestNGCucumberTests.runScenario(io.cucumber.testng.PickleWrapper,io.cucumber.testng.FeatureWrapper)[pri:0, instance:Runner@7f3b84b8]" name="runScenario" class="io.cucumber.testng.AbstractTestNGCucumberTests"/>
      </group> <!-- cucumber -->
    </groups>
    <test started-at="2023-03-15T11:28:20 COT" name="Demo" finished-at="2023-03-15T11:28:27 COT" duration-ms="7119">
      <class name="Runner">
        <test-method is-config="true" signature="setUpClass(org.testng.ITestContext)[pri:0, instance:Runner@7f3b84b8]" started-at="2023-03-15T11:28:20 COT" name="setUpClass" finished-at="2023-03-15T11:28:21 COT" duration-ms="639" status="PASS">
          <params>
            <param index="0">
              <value>
                <![CDATA[org.testng.TestRunner@1f939a0f]]>
              </value>
            </param>
          </params>
          <reporter-output>
          </reporter-output>
        </test-method> <!-- setUpClass -->
        <test-method signature="runScenario(io.cucumber.testng.PickleWrapper,io.cucumber.testng.FeatureWrapper)[pri:0, instance:Runner@7f3b84b8]" started-at="2023-03-15T11:28:21 COT" name="runScenario" description="Runs Cucumber Scenarios" data-provider="scenarios" finished-at="2023-03-15T11:28:27 COT" duration-ms="6359" status="FAIL">
          <params>
            <param index="0">
              <value>
                <![CDATA["Successful search bar result"]]>
              </value>
            </param>
            <param index="1">
              <value>
                <![CDATA["landing page"]]>
              </value>
            </param>
          </params>
          <exception class="java.lang.AssertionError">
            <message>
              <![CDATA[The title was not correct
Expected: "Endava"
     but: was "Endavant - Organizatció Socialista d'Alliberament Nacional"]]>
            </message>
            <full-stacktrace>
              <![CDATA[java.lang.AssertionError: The title was not correct
Expected: "Endava"
     but: was "Endavant - Organizatció Socialista d'Alliberament Nacional"
at org.hamcrest.MatcherAssert.assertThat(MatcherAssert.java:20)
at steps.ArticlePageSteps.theUserShouldGetTheCorrectArticlePageInTheFirstResult(ArticlePageSteps.java:29)
at ✽.the user should get the correct article page in the first result(file:///C:/Users/MARIANA/Desktop/Pasantía/Challenges/mobile-challenge/src/test/resources/features/landing_page.feature:6)
]]>
            </full-stacktrace>
          </exception> <!-- java.lang.AssertionError -->
          <reporter-output>
          </reporter-output>
        </test-method> <!-- runScenario -->
        <test-method is-config="true" signature="tearDownClass()[pri:0, instance:Runner@7f3b84b8]" started-at="2023-03-15T11:28:27 COT" name="tearDownClass" finished-at="2023-03-15T11:28:27 COT" duration-ms="69" status="PASS">
          <reporter-output>
          </reporter-output>
        </test-method> <!-- tearDownClass -->
      </class> <!-- Runner -->
    </test> <!-- Demo -->
  </suite> <!-- Regression -->
</testng-results>
